<?xml version="1.0" encoding="UTF-8"?>
<testsuite name="HotelReservationTest" tests="1" skipped="0" failures="0" errors="0" timestamp="2021-06-09T07:22:50" hostname="DESKTOP-38KI29F" time="0.033">
  <properties/>
  <testcase name="givenNameAndRate_AddedToList_ShouldReturnSizeThree()" classname="HotelReservationTest" time="0.033"/>
  <system-out><![CDATA[]]></system-out>
  <system-err><![CDATA[]]></system-err>
</testsuite>
