<?xml version="1.0" encoding="UTF-8"?>
<testsuite name="HotelReservationTest" tests="1" skipped="0" failures="0" errors="0" timestamp="2021-06-09T07:07:18" hostname="DESKTOP-38KI29F" time="0.029">
  <properties/>
  <testcase name="givenDates_ShouldReturnCheapestPrice()" classname="HotelReservationTest" time="0.029"/>
  <system-out><![CDATA[Hotels{name='LakeWood', rate=220}
]]></system-out>
  <system-err><![CDATA[]]></system-err>
</testsuite>
